-------------------  git  --------------------

(base) a17@17de-MBP video-list-app % gh auth login
? What account do you want to log into? GitHub.com
? What is your preferred protocol for Git operations? HTTPS
? Authenticate Git with your GitHub credentials? Yes
? How would you like to authenticate GitHub CLI? Paste an authentication token
Tip: you can generate a Personal Access Token here https://github.com/settings/tokens
The minimum required scopes are 'repo', 'read:org', 'workflow'.
? Paste your authentication token: ****************************************
- gh config set -h github.com git_protocol https
✓ Configured git protocol
✓ Logged in as 59417


A new release of gh is available: 2.9.0 → v2.12.1
To upgrade, run: brew update && brew upgrade gh
https://github.com/cli/cli/releases/tag/v2.12.1

(base) a17@17de-MBP video-list-app % gh repo create nextjs-video_list_app --public 
✓ Created repository 59417/nextjs-video_list_app on GitHub
(base) a17@17de-MBP video-list-app % gh auth logout
? Are you sure you want to log out of github.com account '59417'? Yes
✓ Logged out of github.com account '59417'
